<?xml version="1.0" encoding="UTF-8"?>
<coverage generated="1648901574851" clover="3.2.0">
  <project timestamp="1648901574852" name="All files">
    <metrics statements="11" coveredstatements="8" conditionals="0" coveredconditionals="0" methods="6" coveredmethods="3" elements="17" coveredelements="11" complexity="0" loc="11" ncloc="11" packages="3" files="7" classes="7"/>
    <package name="AddButton">
      <metrics statements="2" coveredstatements="2" conditionals="0" coveredconditionals="0" methods="1" coveredmethods="1"/>
      <file name="AddButton.js" path="/Users/mesuttopacik/Desktop/kodluyoruz/mylastcreating/scr/components/AddButton/AddButton.js">
        <metrics statements="2" coveredstatements="2" conditionals="0" coveredconditionals="0" methods="1" coveredmethods="1"/>
        <line num="5" count="1" type="stmt"/>
        <line num="6" count="2" type="stmt"/>
      </file>
      <file name="AddButton.style.js" path="/Users/mesuttopacik/Desktop/kodluyoruz/mylastcreating/scr/components/AddButton/AddButton.style.js">
        <metrics statements="0" coveredstatements="0" conditionals="0" coveredconditionals="0" methods="0" coveredmethods="0"/>
      </file>
    </package>
    <package name="DoneCard">
      <metrics statements="6" coveredstatements="3" conditionals="0" coveredconditionals="0" methods="4" coveredmethods="1"/>
      <file name="DoneCard.js" path="/Users/mesuttopacik/Desktop/kodluyoruz/mylastcreating/scr/components/DoneCard/DoneCard.js">
        <metrics statements="6" coveredstatements="3" conditionals="0" coveredconditionals="0" methods="4" coveredmethods="1"/>
        <line num="7" count="1" type="stmt"/>
        <line num="8" count="1" type="stmt"/>
        <line num="9" count="0" type="stmt"/>
        <line num="11" count="0" type="stmt"/>
        <line num="23" count="1" type="stmt"/>
        <line num="28" count="0" type="stmt"/>
      </file>
      <file name="DoneCard.style.js" path="/Users/mesuttopacik/Desktop/kodluyoruz/mylastcreating/scr/components/DoneCard/DoneCard.style.js">
        <metrics statements="0" coveredstatements="0" conditionals="0" coveredconditionals="0" methods="0" coveredmethods="0"/>
      </file>
    </package>
    <package name="IconCard">
      <metrics statements="3" coveredstatements="3" conditionals="0" coveredconditionals="0" methods="1" coveredmethods="1"/>
      <file name="IconCard.js" path="/Users/mesuttopacik/Desktop/kodluyoruz/mylastcreating/scr/components/IconCard/IconCard.js">
        <metrics statements="3" coveredstatements="3" conditionals="0" coveredconditionals="0" methods="1" coveredmethods="1"/>
        <line num="6" count="2" type="stmt"/>
        <line num="7" count="2" type="stmt"/>
        <line num="8" count="2" type="stmt"/>
      </file>
      <file name="IconCard.style.js" path="/Users/mesuttopacik/Desktop/kodluyoruz/mylastcreating/scr/components/IconCard/IconCard.style.js">
        <metrics statements="0" coveredstatements="0" conditionals="0" coveredconditionals="0" methods="0" coveredmethods="0"/>
      </file>
      <file name="index.js" path="/Users/mesuttopacik/Desktop/kodluyoruz/mylastcreating/scr/components/IconCard/index.js">
        <metrics statements="0" coveredstatements="0" conditionals="0" coveredconditionals="0" methods="0" coveredmethods="0"/>
      </file>
    </package>
  </project>
</coverage>
