{"/Users/mesuttopacik/Desktop/kodluyoruz/mylastcreating/scr/components/AddButton/AddButton.js": {"path":"/Users/mesuttopacik/Desktop/kodluyoruz/mylastcreating/scr/components/AddButton/AddButton.js","statementMap":{"0":{"start":{"line":5,"column":18},"end":{"line":13,"column":1}},"1":{"start":{"line":6,"column":2},"end":{"line":12,"column":3}}},"fnMap":{"0":{"name":"(anonymous_0)","decl":{"start":{"line":5,"column":18},"end":{"line":5,"column":19}},"loc":{"start":{"line":5,"column":33},"end":{"line":13,"column":1}},"line":5}},"branchMap":{},"s":{"0":1,"1":2},"f":{"0":2},"b":{},"_coverageSchema":"1a1c01bbd47fc00a2c39e90264f33305004495a9","hash":"8439bedeb0351dcbb2145ac5f9635383e179be25"}
,"/Users/mesuttopacik/Desktop/kodluyoruz/mylastcreating/scr/components/AddButton/AddButton.style.js": {"path":"/Users/mesuttopacik/Desktop/kodluyoruz/mylastcreating/scr/components/AddButton/AddButton.style.js","statementMap":{},"fnMap":{},"branchMap":{},"s":{},"f":{},"b":{},"_coverageSchema":"1a1c01bbd47fc00a2c39e90264f33305004495a9","hash":"aa96df3cd82e635387853fd479a7fac0d3272dc4"}
,"/Users/mesuttopacik/Desktop/kodluyoruz/mylastcreating/scr/components/DoneCard/DoneCard.js": {"path":"/Users/mesuttopacik/Desktop/kodluyoruz/mylastcreating/scr/components/DoneCard/DoneCard.js","statementMap":{"0":{"start":{"line":7,"column":17},"end":{"line":32,"column":1}},"1":{"start":{"line":8,"column":2},"end":{"line":22,"column":4}},"2":{"start":{"line":9,"column":4},"end":{"line":21,"column":23}},"3":{"start":{"line":11,"column":8},"end":{"line":11,"column":22}},"4":{"start":{"line":23,"column":2},"end":{"line":31,"column":4}},"5":{"start":{"line":28,"column":36},"end":{"line":28,"column":49}}},"fnMap":{"0":{"name":"(anonymous_0)","decl":{"start":{"line":7,"column":17},"end":{"line":7,"column":18}},"loc":{"start":{"line":7,"column":42},"end":{"line":32,"column":1}},"line":7},"1":{"name":"(anonymous_1)","decl":{"start":{"line":8,"column":20},"end":{"line":8,"column":21}},"loc":{"start":{"line":9,"column":4},"end":{"line":21,"column":23}},"line":9},"2":{"name":"(anonymous_2)","decl":{"start":{"line":10,"column":15},"end":{"line":10,"column":16}},"loc":{"start":{"line":10,"column":21},"end":{"line":12,"column":7}},"line":10},"3":{"name":"(anonymous_3)","decl":{"start":{"line":28,"column":23},"end":{"line":28,"column":24}},"loc":{"start":{"line":28,"column":36},"end":{"line":28,"column":49}},"line":28}},"branchMap":{},"s":{"0":1,"1":1,"2":0,"3":0,"4":1,"5":0},"f":{"0":1,"1":0,"2":0,"3":0},"b":{},"_coverageSchema":"1a1c01bbd47fc00a2c39e90264f33305004495a9","hash":"02299fe160080cfeabf93670c88d481ef6eb91c5"}
,"/Users/mesuttopacik/Desktop/kodluyoruz/mylastcreating/scr/components/DoneCard/DoneCard.style.js": {"path":"/Users/mesuttopacik/Desktop/kodluyoruz/mylastcreating/scr/components/DoneCard/DoneCard.style.js","statementMap":{},"fnMap":{},"branchMap":{},"s":{},"f":{},"b":{},"_coverageSchema":"1a1c01bbd47fc00a2c39e90264f33305004495a9","hash":"dddfd9b61bcd56a1386494582617660c7d2cede2"}
,"/Users/mesuttopacik/Desktop/kodluyoruz/mylastcreating/scr/components/IconCard/IconCard.js": {"path":"/Users/mesuttopacik/Desktop/kodluyoruz/mylastcreating/scr/components/IconCard/IconCard.js","statementMap":{"0":{"start":{"line":6,"column":17},"end":{"line":13,"column":1}},"1":{"start":{"line":7,"column":15},"end":{"line":7,"column":101}},"2":{"start":{"line":8,"column":2},"end":{"line":12,"column":3}}},"fnMap":{"0":{"name":"(anonymous_0)","decl":{"start":{"line":6,"column":17},"end":{"line":6,"column":18}},"loc":{"start":{"line":6,"column":29},"end":{"line":13,"column":1}},"line":6}},"branchMap":{},"s":{"0":2,"1":2,"2":2},"f":{"0":2},"b":{},"_coverageSchema":"1a1c01bbd47fc00a2c39e90264f33305004495a9","hash":"ee32e2fe0043c004ac59c2ff8a46fbfb5a3fc172"}
,"/Users/mesuttopacik/Desktop/kodluyoruz/mylastcreating/scr/components/IconCard/IconCard.style.js": {"path":"/Users/mesuttopacik/Desktop/kodluyoruz/mylastcreating/scr/components/IconCard/IconCard.style.js","statementMap":{},"fnMap":{},"branchMap":{},"s":{},"f":{},"b":{},"_coverageSchema":"1a1c01bbd47fc00a2c39e90264f33305004495a9","hash":"de5ccc559ef574c5e675b73b2e0d2e5de7fb9eda"}
,"/Users/mesuttopacik/Desktop/kodluyoruz/mylastcreating/scr/components/IconCard/index.js": {"path":"/Users/mesuttopacik/Desktop/kodluyoruz/mylastcreating/scr/components/IconCard/index.js","statementMap":{},"fnMap":{},"branchMap":{},"s":{},"f":{},"b":{},"_coverageSchema":"1a1c01bbd47fc00a2c39e90264f33305004495a9","hash":"4fb5ba8c5c27ee86e3dc4dc6d1490c4e3bb95ea2"}
}
